<?xml version="1.0" encoding="UTF-8"?>
<testng-results skipped="0" failed="1" ignored="0" total="3" passed="2">
  <reporter-output>
  </reporter-output>
  <suite name="Default suite" duration-ms="107083" started-at="2021-01-20T20:45:13 EST" finished-at="2021-01-20T20:47:00 EST">
    <groups>
      <group name="cucumber">
        <method signature="AbstractTestNGCucumberTests.runScenario(io.cucumber.testng.PickleWrapper, io.cucumber.testng.FeatureWrapper)[pri:0, instance:stepdef.TestRunner$RunCucumberTest@687080dc]" name="runScenario" class="io.cucumber.testng.AbstractTestNGCucumberTests"/>
      </group> <!-- cucumber -->
    </groups>
    <test name="Default test" duration-ms="107083" started-at="2021-01-20T20:45:13 EST" finished-at="2021-01-20T20:47:00 EST">
      <class name="stepdef.TestRunner$RunCucumberTest">
        <test-method status="PASS" signature="setUpClass()[pri:0, instance:stepdef.TestRunner$RunCucumberTest@687080dc]" name="setUpClass" is-config="true" duration-ms="604" started-at="2021-01-20T20:45:13 EST" finished-at="2021-01-20T20:45:14 EST">
          <reporter-output>
          </reporter-output>
        </test-method> <!-- setUpClass -->
        <test-method status="PASS" signature="runScenario(io.cucumber.testng.PickleWrapper, io.cucumber.testng.FeatureWrapper)[pri:0, instance:stepdef.TestRunner$RunCucumberTest@687080dc]" name="runScenario" duration-ms="30527" started-at="2021-01-20T20:45:14 EST" description="Runs Cucumber Scenarios" data-provider="scenarios" finished-at="2021-01-20T20:45:44 EST">
          <params>
            <param index="0">
              <value>
                <![CDATA["I can subscribe webmd newsletter successfully"]]>
              </value>
            </param>
            <param index="1">
              <value>
                <![CDATA["I can subscribe webmd newsletter"]]>
              </value>
            </param>
          </params>
          <reporter-output>
          </reporter-output>
        </test-method> <!-- runScenario -->
        <test-method status="FAIL" signature="runScenario(io.cucumber.testng.PickleWrapper, io.cucumber.testng.FeatureWrapper)[pri:0, instance:stepdef.TestRunner$RunCucumberTest@687080dc]" name="runScenario" duration-ms="38050" started-at="2021-01-20T20:45:44 EST" description="Runs Cucumber Scenarios" data-provider="scenarios" finished-at="2021-01-20T20:46:22 EST">
          <params>
            <param index="0">
              <value>
                <![CDATA["I can sign in my account using valid email and password"]]>
              </value>
            </param>
            <param index="1">
              <value>
                <![CDATA["User can sign in his webMed account"]]>
              </value>
            </param>
          </params>
          <exception class="org.openqa.selenium.NoSuchElementException">
            <message>
              <![CDATA[no such element: Unable to locate element: {"method":"xpath","selector":"//*[@id="main-section"]/div/div[7]/div[2]/div/div[1]/ul/li[4]/a"}
  (Session info: chrome=87.0.4280.141)
For documentation on this error, please visit: https://www.seleniumhq.org/exceptions/no_such_element.html
Build info: version: '3.141.59', revision: 'e82be7d358', time: '2018-11-14T08:17:03'
System info: host: 'LAPTOP-EPV2B2SF', ip: '192.168.1.159', os.name: 'Windows 10', os.arch: 'amd64', os.version: '10.0', java.version: '1.8.0_261'
Driver info: org.openqa.selenium.chrome.ChromeDriver
Capabilities {acceptInsecureCerts: false, browserName: chrome, browserVersion: 87.0.4280.141, chrome: {chromedriverVersion: 87.0.4280.88 (89e2380a3e36c..., userDataDir: C:\Users\HP\AppData\Local\T...}, goog:chromeOptions: {debuggerAddress: localhost:58712}, javascriptEnabled: true, networkConnectionEnabled: false, pageLoadStrategy: normal, platform: WINDOWS, platformName: WINDOWS, proxy: Proxy(), setWindowRect: true, strictFileInteractability: false, timeouts: {implicit: 0, pageLoad: 300000, script: 30000}, unhandledPromptBehavior: dismiss and notify, webauthn:virtualAuthenticators: true}
Session ID: d26dcd1ffaaaea5d54dd1d7d8a6c76b9
*** Element info: {Using=xpath, value=//*[@id="main-section"]/div/div[7]/div[2]/div/div[1]/ul/li[4]/a}]]>
            </message>
            <full-stacktrace>
              <![CDATA[org.openqa.selenium.NoSuchElementException: no such element: Unable to locate element: {"method":"xpath","selector":"//*[@id="main-section"]/div/div[7]/div[2]/div/div[1]/ul/li[4]/a"}
  (Session info: chrome=87.0.4280.141)
For documentation on this error, please visit: https://www.seleniumhq.org/exceptions/no_such_element.html
Build info: version: '3.141.59', revision: 'e82be7d358', time: '2018-11-14T08:17:03'
System info: host: 'LAPTOP-EPV2B2SF', ip: '192.168.1.159', os.name: 'Windows 10', os.arch: 'amd64', os.version: '10.0', java.version: '1.8.0_261'
Driver info: org.openqa.selenium.chrome.ChromeDriver
Capabilities {acceptInsecureCerts: false, browserName: chrome, browserVersion: 87.0.4280.141, chrome: {chromedriverVersion: 87.0.4280.88 (89e2380a3e36c..., userDataDir: C:\Users\HP\AppData\Local\T...}, goog:chromeOptions: {debuggerAddress: localhost:58712}, javascriptEnabled: true, networkConnectionEnabled: false, pageLoadStrategy: normal, platform: WINDOWS, platformName: WINDOWS, proxy: Proxy(), setWindowRect: true, strictFileInteractability: false, timeouts: {implicit: 0, pageLoad: 300000, script: 30000}, unhandledPromptBehavior: dismiss and notify, webauthn:virtualAuthenticators: true}
Session ID: d26dcd1ffaaaea5d54dd1d7d8a6c76b9
*** Element info: {Using=xpath, value=//*[@id="main-section"]/div/div[7]/div[2]/div/div[1]/ul/li[4]/a}
at sun.reflect.NativeConstructorAccessorImpl.newInstance0(Native Method)
at sun.reflect.NativeConstructorAccessorImpl.newInstance(Unknown Source)
at sun.reflect.DelegatingConstructorAccessorImpl.newInstance(Unknown Source)
at java.lang.reflect.Constructor.newInstance(Unknown Source)
at org.openqa.selenium.remote.http.W3CHttpResponseCodec.createException(W3CHttpResponseCodec.java:187)
at org.openqa.selenium.remote.http.W3CHttpResponseCodec.decode(W3CHttpResponseCodec.java:122)
at org.openqa.selenium.remote.http.W3CHttpResponseCodec.decode(W3CHttpResponseCodec.java:49)
at org.openqa.selenium.remote.HttpCommandExecutor.execute(HttpCommandExecutor.java:158)
at org.openqa.selenium.remote.service.DriverCommandExecutor.execute(DriverCommandExecutor.java:83)
at org.openqa.selenium.remote.RemoteWebDriver.execute(RemoteWebDriver.java:552)
at org.openqa.selenium.remote.RemoteWebDriver.findElement(RemoteWebDriver.java:323)
at org.openqa.selenium.remote.RemoteWebDriver.findElementByXPath(RemoteWebDriver.java:428)
at org.openqa.selenium.By$ByXPath.findElement(By.java:353)
at org.openqa.selenium.remote.RemoteWebDriver.findElement(RemoteWebDriver.java:315)
at stepdef.WebmdSignin.click_on_My_Account(WebmdSignin.java:29)
at ✽.click on My Account(file:///C:/Users/HP/eclipse-workspace/MycucumberBddProject/src/test/resources/Features/WebmdAccountSigin.feature:7)
]]>
            </full-stacktrace>
          </exception> <!-- org.openqa.selenium.NoSuchElementException -->
          <reporter-output>
          </reporter-output>
        </test-method> <!-- runScenario -->
        <test-method status="PASS" signature="runScenario(io.cucumber.testng.PickleWrapper, io.cucumber.testng.FeatureWrapper)[pri:0, instance:stepdef.TestRunner$RunCucumberTest@687080dc]" name="runScenario" duration-ms="37641" started-at="2021-01-20T20:46:22 EST" description="Runs Cucumber Scenarios" data-provider="scenarios" finished-at="2021-01-20T20:47:00 EST">
          <params>
            <param index="0">
              <value>
                <![CDATA["To find lowest drug price"]]>
              </value>
            </param>
            <param index="1">
              <value>
                <![CDATA["User can find lowest drug price"]]>
              </value>
            </param>
          </params>
          <reporter-output>
          </reporter-output>
        </test-method> <!-- runScenario -->
        <test-method status="PASS" signature="tearDownClass()[pri:0, instance:stepdef.TestRunner$RunCucumberTest@687080dc]" name="tearDownClass" is-config="true" duration-ms="197" started-at="2021-01-20T20:47:00 EST" finished-at="2021-01-20T20:47:00 EST">
          <reporter-output>
          </reporter-output>
        </test-method> <!-- tearDownClass -->
      </class> <!-- stepdef.TestRunner$RunCucumberTest -->
    </test> <!-- Default test -->
  </suite> <!-- Default suite -->
</testng-results>
